<?xml version="1.0" encoding="UTF-8"?>
<!-- Generated by org.testng.reporters.JUnitXMLReporter -->
<testsuite hostname="SHESADAS-3MV9K" name="Test" tests="4" failures="1" timestamp="18 May 2016 12:48:42 GMT" time="204.097" errors="0">
  <testcase name="open" time="32.803" classname="googlechrome.SingleMeetingChrome"/>
  <testcase name="open" time="41.981" classname="googlechrome.RecMeetingChrome"/>
  <testcase name="open" time="41.982" classname="googlechrome.WebexSingleChrome"/>
  <testcase name="open" time="42.137" classname="googlechrome.WebexRecChrome">
    <failure type="java.lang.AssertionError" message="Fail">
      <![CDATA[java.lang.AssertionError: Fail
	at googlechrome.WebexRecChrome.delete(WebexRecChrome.java:254)
	at googlechrome.WebexRecChrome.open(WebexRecChrome.java:64)
... Removed 24 stack frames]]>
    </failure>
  </testcase> <!-- open -->
</testsuite> <!-- Test -->
